2026-01-24 14:25:45,442 - INFO - Executing query: SELECT TOP (1000) [DATE_TIME], [DATA1], [DATA2], [DATA3], [DATA4], [DATA5], [DATA6], [DATA7], [DATA8], [DATA9], [DATA10], [DATA11], [DATA12], [DATA13], [DATA14], [DATA15], [DATA16] FROM [dbo].[BACKGROUND_DATA] WHERE [DATE_TIME] >= ? AND [DATE_TIME] <= ? ORDER BY [DATE_TIME]
2026-01-24 14:25:45,443 - INFO - With params: ['2024-10-29', '2024-10-29 23:59:59.999']
2026-01-24 14:25:45,449 - ERROR - Database error: ('07002', '[07002] [Microsoft][ODBC SQL Server Driver]COUNT field incorrect or syntax error (0) (SQLExecDirectW)')
2026-01-24 14:25:50,248 - INFO - Executing query: SELECT TOP (1000) [DATE_TIME], [DATA1], [DATA2], [DATA3], [DATA4], [DATA5], [DATA6], [DATA7], [DATA8], [DATA9], [DATA10], [DATA11], [DATA12], [DATA13], [DATA14], [DATA15], [DATA16] FROM [dbo].[BACKGROUND_DATA] WHERE [DATE_TIME] >= ? AND [DATE_TIME] <= ? ORDER BY [DATE_TIME]
2026-01-24 14:25:50,248 - INFO - With params: ['2024-10-29', '2024-10-29 23:59:59.999']
2026-01-24 14:25:50,250 - ERROR - Database error: ('07002', '[07002] [Microsoft][ODBC SQL Server Driver]COUNT field incorrect or syntax error (0) (SQLExecDirectW)')
2026-01-24 14:26:06,478 - INFO - Executing query: SELECT TOP (100) [DATE_TIME], [DATA1], [DATA2], [DATA3], [DATA4], [DATA5], [DATA6], [DATA7], [DATA8], [DATA9], [DATA10], [DATA11], [DATA12], [DATA13], [DATA14], [DATA15], [DATA16] FROM [dbo].[BACKGROUND_DATA] WHERE [DATE_TIME] >= ? AND [DATE_TIME] <= ? ORDER BY [DATE_TIME]
2026-01-24 14:26:06,478 - INFO - With params: ['2024-10-29', '2024-10-29 23:59:59.999']
2026-01-24 14:26:06,482 - ERROR - Database error: ('07002', '[07002] [Microsoft][ODBC SQL Server Driver]COUNT field incorrect or syntax error (0) (SQLExecDirectW)')
2026-01-24 14:27:17,900 - INFO - Executing query: SELECT TOP (100) [ORDER_NAME], [BATCH_NAME], [OPERATOR_NAME], [PRO_START_TIME], [PRO_STOP_TIME], [DATA1], [DATA2], [DATA3], [DATA4], [DATA5], [DATA6], [DATA7], [DATA8], [DATA9] FROM [dbo].[HEADER] WHERE [PRO_START_TIME] >= ? AND [PRO_START_TIME] <= ? ORDER BY [PRO_START_TIME]
2026-01-24 14:27:17,900 - INFO - With params: ['2024-10-29', '2024-10-29 23:59:59.999']
2026-01-24 14:27:17,902 - ERROR - Database error: ('07002', '[07002] [Microsoft][ODBC SQL Server Driver]COUNT field incorrect or syntax error (0) (SQLExecDirectW)')
2026-01-24 14:48:50,074 - INFO - Executing query: SELECT TOP (1000) [ORDER_NAME], [BATCH_NAME], [OPERATOR_NAME], [PRO_START_TIME], [PRO_STOP_TIME], [DATA1], [DATA2], [DATA3], [DATA4], [DATA5], [DATA6], [DATA7], [DATA8], [DATA9] FROM [dbo].[HEADER] WHERE [PRO_START_TIME] >= ? AND [PRO_START_TIME] <= ? ORDER BY [PRO_START_TIME]
2026-01-24 14:48:50,074 - INFO - Number of parameters: 2
2026-01-24 14:48:50,075 - INFO - Parameters: ['2026-01-17', '2026-01-24 23:59:59.999']
2026-01-24 14:49:27,941 - INFO - Executing query: SELECT TOP (1000) [ORDER_NAME], [BATCH_NAME], [OPERATOR_NAME], [PRO_START_TIME], [PRO_STOP_TIME], [DATA1], [DATA2], [DATA3], [DATA4], [DATA5], [DATA6], [DATA7], [DATA8], [DATA9] FROM [dbo].[HEADER] WHERE [PRO_START_TIME] >= ? AND [PRO_START_TIME] <= ? ORDER BY [PRO_START_TIME]
2026-01-24 14:49:27,942 - INFO - Number of parameters: 2
2026-01-24 14:49:27,942 - INFO - Parameters: ['2024-10-29', '2024-10-29 23:59:59.999']
2026-01-24 16:21:20,876 - INFO - Executing query: SELECT TOP (1000) [DATE_TIME], [DATA1], [DATA2], [DATA3], [DATA4], [DATA5], [DATA6], [DATA7], [DATA8], [DATA9], [DATA10], [DATA11], [DATA12], [DATA13], [DATA14], [DATA15], [DATA16] FROM [dbo].[BACKGROUND_DATA] WHERE [DATE_TIME] >= ? AND [DATE_TIME] <= ? ORDER BY [DATE_TIME]
2026-01-24 16:21:20,877 - INFO - Number of parameters: 2
2026-01-24 16:21:20,877 - INFO - Parameters: ['2026-01-17', '2026-01-24 23:59:59.999']
2026-01-24 16:21:41,447 - INFO - Executing query: SELECT TOP (1000) [DATE_TIME], [DATA1], [DATA2], [DATA3], [DATA4], [DATA5], [DATA6], [DATA7], [DATA8], [DATA9], [DATA10], [DATA11], [DATA12], [DATA13], [DATA14], [DATA15], [DATA16] FROM [dbo].[BACKGROUND_DATA] WHERE [DATE_TIME] >= ? AND [DATE_TIME] <= ? ORDER BY [DATE_TIME]
2026-01-24 16:21:41,447 - INFO - Number of parameters: 2
2026-01-24 16:21:41,448 - INFO - Parameters: ['2024-10-29', '2024-10-29 23:59:59.999']
2026-01-24 16:26:23,177 - INFO - Executing query: SELECT TOP (1000) [SR_NO], [PROCESS_DESCRIPTION], [DATE_TIME], [SETPOINT], [UNIT], [DATA1], [DATA2], [DATA3], [DATA4], [DATA5], [DATA6], [DATA7], [DATA8], [DATA9], [DATA10], [DATA11], [DATA12], [DATA13], [DATA14], [DATA15], [DATA16], [BATCH_NAME] FROM [dbo].[BATCH_DATA] WHERE [DATE_TIME] >= ? AND [DATE_TIME] <= ? ORDER BY [DATE_TIME]
2026-01-24 16:26:23,180 - INFO - Number of parameters: 2
2026-01-24 16:26:23,181 - INFO - Parameters: ['2024-10-29', '2024-10-29 23:59:59.999']
2026-01-24 16:26:42,325 - INFO - Executing query: SELECT TOP (10) [DATE_TIME] FROM [dbo].[BATCH_DATA] WHERE [DATE_TIME] >= ? AND [DATE_TIME] <= ? ORDER BY [DATE_TIME]
2026-01-24 16:26:42,326 - INFO - Number of parameters: 2
2026-01-24 16:26:42,327 - INFO - Parameters: ['2024-10-29', '2024-10-29 23:59:59.999']
2026-01-24 16:26:46,284 - INFO - Executing query: SELECT [DATE_TIME] FROM [dbo].[BATCH_DATA] WHERE [DATE_TIME] >= ? AND [DATE_TIME] <= ? ORDER BY [DATE_TIME]
2026-01-24 16:26:46,285 - INFO - Number of parameters: 2
2026-01-24 16:26:46,287 - INFO - Parameters: ['2024-10-29', '2024-10-29 23:59:59.999']
2026-01-24 16:26:48,702 - INFO - Executing query: SELECT [DATE_TIME] FROM [dbo].[BATCH_DATA] WHERE [DATE_TIME] >= ? AND [DATE_TIME] <= ? ORDER BY [DATE_TIME]
2026-01-24 16:26:48,703 - INFO - Number of parameters: 2
2026-01-24 16:26:48,704 - INFO - Parameters: ['2024-10-29', '2024-10-29 23:59:59.999']
2026-01-24 16:26:54,707 - INFO - Executing query: SELECT [SR_NO], [PROCESS_DESCRIPTION], [DATE_TIME], [SETPOINT], [UNIT], [DATA1], [DATA2], [DATA3], [DATA4], [DATA5], [DATA6], [DATA7], [DATA8], [DATA9], [DATA10], [DATA11], [DATA12], [DATA13], [DATA14], [DATA15], [DATA16], [BATCH_NAME] FROM [dbo].[BATCH_DATA] WHERE [DATE_TIME] >= ? AND [DATE_TIME] <= ? ORDER BY [DATE_TIME]
2026-01-24 16:26:54,708 - INFO - Number of parameters: 2
2026-01-24 16:26:54,710 - INFO - Parameters: ['2024-10-29', '2024-10-29 23:59:59.999']
