2026-02-06 12:45:59,732 - INFO - Connecting to MAHESHWAGH\WINCC.VPI1
2026-02-06 12:45:59,830 - ERROR - Connection error: (pymssql.exceptions.OperationalError) (18456, b"Login failed for user 'MAHESHWAGH'.DB-Lib error message 20018, severity 14:\nGeneral SQL Server error: Check messages from the SQL Server\nDB-Lib error message 20002, severity 9:\nAdaptive Server connection failed (MAHESHWAGH)\nDB-Lib error message 20002, severity 9:\nAdaptive Server connection failed (MAHESHWAGH)\n")
(Background on this error at: https://sqlalche.me/e/20/e3q8)
2026-02-06 13:10:16,013 - INFO - Connecting to MAHESHWAGH\WINCC.VPI1 with Windows Authentication
2026-02-06 13:10:16,015 - INFO - Trying Windows Authentication method: pyodbc_winauth
2026-02-06 13:10:16,165 - INFO - Connected to: MAHESHWAGH\WINCC.VPI1
2026-02-06 13:10:16,165 - INFO - Windows User: Maheshwagh\waghm
2026-02-06 13:10:16,166 - INFO - ✅ Windows Authentication successful using pyodbc_winauth
2026-02-06 13:10:16,169 - INFO - Found 4 tables
2026-02-06 13:11:02,482 - INFO - Found 14 columns in HEADER
2026-02-06 13:11:12,370 - INFO - Found 14 columns in HEADER
2026-02-06 13:11:14,009 - INFO - Found 14 columns in HEADER
2026-02-06 13:11:14,857 - INFO - Found 14 columns in HEADER
2026-02-06 13:11:23,473 - INFO - Found 14 columns in HEADER
2026-02-06 13:11:23,689 - INFO - Found 14 columns in HEADER
2026-02-06 13:11:34,534 - INFO - Found 14 columns in HEADER
2026-02-06 13:12:24,813 - INFO - Found 14 columns in HEADER
2026-02-06 13:12:25,058 - INFO - Found 14 columns in HEADER
2026-02-06 13:12:34,767 - INFO - Found 14 columns in HEADER
2026-02-06 13:12:36,481 - INFO - Found 14 columns in HEADER
2026-02-06 13:12:42,926 - INFO - Found 14 columns in HEADER
2026-02-06 13:12:44,944 - INFO - Found 14 columns in HEADER
2026-02-06 13:12:58,912 - INFO - Found 14 columns in HEADER
2026-02-06 13:12:59,152 - INFO - Found 14 columns in HEADER
2026-02-06 13:13:05,477 - INFO - Found 14 columns in HEADER
2026-02-06 13:13:07,337 - INFO - Found 14 columns in HEADER
2026-02-06 13:13:09,420 - INFO - Found 14 columns in HEADER
2026-02-06 13:13:28,639 - INFO - Found 14 columns in HEADER
2026-02-06 13:13:31,229 - INFO - Found 14 columns in HEADER
2026-02-06 13:13:36,653 - INFO - Found 14 columns in HEADER
2026-02-06 13:13:40,091 - INFO - Found 14 columns in HEADER
2026-02-06 13:13:43,130 - INFO - Found 14 columns in HEADER
2026-02-06 13:13:44,449 - INFO - Found 14 columns in HEADER
2026-02-06 13:13:53,044 - INFO - Found 14 columns in HEADER
2026-02-06 13:13:53,851 - INFO - Found 14 columns in HEADER
2026-02-06 13:13:57,659 - INFO - Found 14 columns in HEADER
2026-02-06 13:14:00,282 - INFO - Found 14 columns in HEADER
2026-02-06 13:14:02,631 - INFO - Found 14 columns in HEADER
2026-02-06 13:14:07,880 - INFO - Found 14 columns in HEADER
2026-02-06 13:14:09,488 - INFO - Found 14 columns in HEADER
2026-02-06 13:14:12,246 - INFO - Found 14 columns in HEADER
2026-02-06 13:14:19,148 - INFO - Found 17 columns in BACKGROUND_DATA
2026-02-06 13:14:19,148 - WARNING - No batch column found in table BACKGROUND_DATA
2026-02-06 13:14:19,155 - INFO - Found 22 columns in BATCH_DATA
2026-02-06 13:14:19,161 - INFO - Retrieved 1 batches from BATCH_DATA
2026-02-06 13:14:19,168 - INFO - Found 22 columns in BATCH_DATA2
2026-02-06 13:14:19,175 - INFO - Retrieved 1 batches from BATCH_DATA2
2026-02-06 13:14:19,184 - INFO - Found 14 columns in HEADER
2026-02-06 13:14:19,187 - INFO - Retrieved 3 batches from HEADER
2026-02-06 13:14:42,388 - INFO - Found 17 columns in BACKGROUND_DATA
2026-02-06 13:14:42,388 - WARNING - No batch column found in table BACKGROUND_DATA
2026-02-06 13:14:42,395 - INFO - Found 22 columns in BATCH_DATA
2026-02-06 13:14:42,396 - INFO - Retrieved 1 batches from BATCH_DATA
2026-02-06 13:14:42,403 - INFO - Found 22 columns in BATCH_DATA2
2026-02-06 13:14:42,404 - INFO - Retrieved 1 batches from BATCH_DATA2
2026-02-06 13:14:42,412 - INFO - Found 14 columns in HEADER
2026-02-06 13:14:42,414 - INFO - Retrieved 3 batches from HEADER
2026-02-06 13:14:44,313 - INFO - Found 17 columns in BACKGROUND_DATA
2026-02-06 13:14:44,314 - WARNING - No batch column found in table BACKGROUND_DATA
2026-02-06 13:14:44,321 - INFO - Found 22 columns in BATCH_DATA
2026-02-06 13:14:44,322 - INFO - Retrieved 1 batches from BATCH_DATA
2026-02-06 13:14:44,330 - INFO - Found 22 columns in BATCH_DATA2
2026-02-06 13:14:44,333 - INFO - Retrieved 1 batches from BATCH_DATA2
2026-02-06 13:14:44,342 - INFO - Found 14 columns in HEADER
2026-02-06 13:14:44,344 - INFO - Retrieved 3 batches from HEADER
2026-02-06 13:14:55,141 - INFO - Fetching data from BACKGROUND_DATA
2026-02-06 13:14:55,270 - INFO - Fetched 68 rows from BACKGROUND_DATA
2026-02-06 13:14:55,272 - INFO - Fetching data from BATCH_DATA
2026-02-06 13:14:55,280 - INFO - Fetched 45 rows from BATCH_DATA
2026-02-06 13:14:55,281 - INFO - Fetching data from BATCH_DATA2
2026-02-06 13:14:55,289 - INFO - Fetched 60 rows from BATCH_DATA2
2026-02-06 13:14:55,290 - INFO - Fetching data from HEADER
2026-02-06 13:14:55,295 - INFO - Fetched 4 rows from HEADER
2026-02-06 13:14:55,296 - INFO - Exporting to template...
2026-02-06 13:14:55,407 - INFO - Template export completed
2026-02-06 13:15:41,965 - INFO - Fetching data from BACKGROUND_DATA
2026-02-06 13:15:41,975 - INFO - Fetched 68 rows from BACKGROUND_DATA
2026-02-06 13:15:41,976 - INFO - Fetching data from BATCH_DATA
2026-02-06 13:15:41,986 - INFO - Fetched 45 rows from BATCH_DATA
2026-02-06 13:15:41,988 - INFO - Fetching data from BATCH_DATA2
2026-02-06 13:15:41,996 - INFO - Fetched 60 rows from BATCH_DATA2
2026-02-06 13:15:41,998 - INFO - Fetching data from HEADER
2026-02-06 13:15:42,003 - INFO - Fetched 4 rows from HEADER
2026-02-06 13:15:42,005 - INFO - Exporting to template...
2026-02-06 13:15:42,106 - INFO - Template export completed
2026-02-06 13:16:38,383 - INFO - Found 14 columns in HEADER
2026-02-06 13:16:40,534 - INFO - Found 17 columns in BACKGROUND_DATA
2026-02-06 13:16:40,535 - WARNING - No batch column found in table BACKGROUND_DATA
2026-02-06 13:16:40,541 - INFO - Found 22 columns in BATCH_DATA
2026-02-06 13:16:40,543 - INFO - Retrieved 1 batches from BATCH_DATA
2026-02-06 13:16:40,554 - INFO - Found 22 columns in BATCH_DATA2
2026-02-06 13:16:40,556 - INFO - Retrieved 1 batches from BATCH_DATA2
2026-02-06 13:16:40,566 - INFO - Found 14 columns in HEADER
2026-02-06 13:16:40,568 - INFO - Retrieved 3 batches from HEADER
2026-02-06 13:16:57,086 - INFO - Found 17 columns in BACKGROUND_DATA
2026-02-06 13:16:57,086 - WARNING - No batch column found in table BACKGROUND_DATA
2026-02-06 13:16:57,093 - INFO - Found 22 columns in BATCH_DATA
2026-02-06 13:16:57,094 - INFO - Retrieved 1 batches from BATCH_DATA
2026-02-06 13:16:57,102 - INFO - Found 22 columns in BATCH_DATA2
2026-02-06 13:16:57,105 - INFO - Retrieved 1 batches from BATCH_DATA2
2026-02-06 13:16:57,111 - INFO - Found 14 columns in HEADER
2026-02-06 13:16:57,112 - INFO - Retrieved 3 batches from HEADER
2026-02-06 13:17:04,484 - INFO - Found 17 columns in BACKGROUND_DATA
2026-02-06 13:17:04,484 - WARNING - No batch column found in table BACKGROUND_DATA
2026-02-06 13:17:04,489 - INFO - Found 22 columns in BATCH_DATA
2026-02-06 13:17:04,490 - INFO - Retrieved 1 batches from BATCH_DATA
2026-02-06 13:17:04,499 - INFO - Found 22 columns in BATCH_DATA2
2026-02-06 13:17:04,501 - INFO - Retrieved 1 batches from BATCH_DATA2
2026-02-06 13:17:04,508 - INFO - Found 14 columns in HEADER
2026-02-06 13:17:04,509 - INFO - Retrieved 3 batches from HEADER
2026-02-06 13:17:10,976 - INFO - Found 17 columns in BACKGROUND_DATA
2026-02-06 13:17:10,977 - WARNING - No batch column found in table BACKGROUND_DATA
2026-02-06 13:17:10,982 - INFO - Found 22 columns in BATCH_DATA
2026-02-06 13:17:10,983 - INFO - Retrieved 1 batches from BATCH_DATA
2026-02-06 13:17:10,992 - INFO - Found 22 columns in BATCH_DATA2
2026-02-06 13:17:10,994 - INFO - Retrieved 1 batches from BATCH_DATA2
2026-02-06 13:17:11,002 - INFO - Found 14 columns in HEADER
2026-02-06 13:17:11,004 - INFO - Retrieved 3 batches from HEADER
2026-02-06 13:17:17,547 - INFO - Found 17 columns in BACKGROUND_DATA
2026-02-06 13:17:17,547 - WARNING - No batch column found in table BACKGROUND_DATA
2026-02-06 13:17:17,553 - INFO - Found 22 columns in BATCH_DATA
2026-02-06 13:17:17,554 - INFO - Retrieved 1 batches from BATCH_DATA
2026-02-06 13:17:17,562 - INFO - Found 22 columns in BATCH_DATA2
2026-02-06 13:17:17,564 - INFO - Retrieved 1 batches from BATCH_DATA2
2026-02-06 13:17:17,572 - INFO - Found 14 columns in HEADER
2026-02-06 13:17:17,574 - INFO - Retrieved 3 batches from HEADER
2026-02-06 13:17:20,837 - INFO - Found 17 columns in BACKGROUND_DATA
2026-02-06 13:17:20,840 - WARNING - No batch column found in table BACKGROUND_DATA
2026-02-06 13:17:20,852 - INFO - Found 22 columns in BATCH_DATA
2026-02-06 13:17:20,859 - INFO - Retrieved 1 batches from BATCH_DATA
2026-02-06 13:17:20,881 - INFO - Found 22 columns in BATCH_DATA2
2026-02-06 13:17:20,883 - INFO - Retrieved 1 batches from BATCH_DATA2
2026-02-06 13:17:20,900 - INFO - Found 14 columns in HEADER
2026-02-06 13:17:20,904 - INFO - Retrieved 3 batches from HEADER
2026-02-06 13:17:25,329 - INFO - Found 17 columns in BACKGROUND_DATA
2026-02-06 13:17:25,329 - WARNING - No batch column found in table BACKGROUND_DATA
2026-02-06 13:17:25,337 - INFO - Found 22 columns in BATCH_DATA
2026-02-06 13:17:25,338 - INFO - Retrieved 1 batches from BATCH_DATA
2026-02-06 13:17:25,346 - INFO - Found 22 columns in BATCH_DATA2
2026-02-06 13:17:25,347 - INFO - Retrieved 1 batches from BATCH_DATA2
2026-02-06 13:17:25,358 - INFO - Found 14 columns in HEADER
2026-02-06 13:17:25,359 - INFO - Retrieved 3 batches from HEADER
2026-02-06 13:17:29,145 - INFO - Found 17 columns in BACKGROUND_DATA
2026-02-06 13:17:29,145 - WARNING - No batch column found in table BACKGROUND_DATA
2026-02-06 13:17:29,151 - INFO - Found 22 columns in BATCH_DATA
2026-02-06 13:17:29,152 - INFO - Retrieved 1 batches from BATCH_DATA
2026-02-06 13:17:29,158 - INFO - Found 22 columns in BATCH_DATA2
2026-02-06 13:17:29,159 - INFO - Retrieved 1 batches from BATCH_DATA2
2026-02-06 13:17:29,167 - INFO - Found 14 columns in HEADER
2026-02-06 13:17:29,168 - INFO - Retrieved 3 batches from HEADER
2026-02-06 13:17:34,720 - INFO - Found 17 columns in BACKGROUND_DATA
2026-02-06 13:17:34,720 - WARNING - No batch column found in table BACKGROUND_DATA
2026-02-06 13:17:34,727 - INFO - Found 22 columns in BATCH_DATA
2026-02-06 13:17:34,729 - INFO - Retrieved 1 batches from BATCH_DATA
2026-02-06 13:17:34,736 - INFO - Found 22 columns in BATCH_DATA2
2026-02-06 13:17:34,737 - INFO - Retrieved 1 batches from BATCH_DATA2
2026-02-06 13:17:34,747 - INFO - Found 14 columns in HEADER
2026-02-06 13:17:34,748 - INFO - Retrieved 3 batches from HEADER
2026-02-06 13:17:39,688 - INFO - Found 17 columns in BACKGROUND_DATA
2026-02-06 13:17:39,688 - WARNING - No batch column found in table BACKGROUND_DATA
2026-02-06 13:17:39,695 - INFO - Found 22 columns in BATCH_DATA
2026-02-06 13:17:39,696 - INFO - Retrieved 1 batches from BATCH_DATA
2026-02-06 13:17:39,706 - INFO - Found 22 columns in BATCH_DATA2
2026-02-06 13:17:39,708 - INFO - Retrieved 1 batches from BATCH_DATA2
2026-02-06 13:17:39,716 - INFO - Found 14 columns in HEADER
2026-02-06 13:17:39,717 - INFO - Retrieved 3 batches from HEADER
2026-02-06 13:17:42,072 - INFO - Found 17 columns in BACKGROUND_DATA
2026-02-06 13:17:42,072 - WARNING - No batch column found in table BACKGROUND_DATA
2026-02-06 13:17:42,079 - INFO - Found 22 columns in BATCH_DATA
2026-02-06 13:17:42,080 - INFO - Retrieved 1 batches from BATCH_DATA
2026-02-06 13:17:42,088 - INFO - Found 22 columns in BATCH_DATA2
2026-02-06 13:17:42,089 - INFO - Retrieved 1 batches from BATCH_DATA2
2026-02-06 13:17:42,099 - INFO - Found 14 columns in HEADER
2026-02-06 13:17:42,102 - INFO - Retrieved 3 batches from HEADER
2026-02-06 13:17:50,498 - INFO - Found 17 columns in BACKGROUND_DATA
2026-02-06 13:17:50,498 - WARNING - No batch column found in table BACKGROUND_DATA
2026-02-06 13:17:50,505 - INFO - Found 22 columns in BATCH_DATA
2026-02-06 13:17:50,506 - INFO - Retrieved 1 batches from BATCH_DATA
2026-02-06 13:17:50,514 - INFO - Found 22 columns in BATCH_DATA2
2026-02-06 13:17:50,516 - INFO - Retrieved 1 batches from BATCH_DATA2
2026-02-06 13:17:50,525 - INFO - Found 14 columns in HEADER
2026-02-06 13:17:50,526 - INFO - Retrieved 3 batches from HEADER
2026-02-06 13:17:53,727 - INFO - Found 17 columns in BACKGROUND_DATA
2026-02-06 13:17:53,727 - WARNING - No batch column found in table BACKGROUND_DATA
2026-02-06 13:17:53,733 - INFO - Found 22 columns in BATCH_DATA
2026-02-06 13:17:53,734 - INFO - Retrieved 1 batches from BATCH_DATA
2026-02-06 13:17:53,741 - INFO - Found 22 columns in BATCH_DATA2
2026-02-06 13:17:53,743 - INFO - Retrieved 1 batches from BATCH_DATA2
2026-02-06 13:17:53,752 - INFO - Found 14 columns in HEADER
2026-02-06 13:17:53,753 - INFO - Retrieved 3 batches from HEADER
2026-02-06 13:17:55,943 - INFO - Found 17 columns in BACKGROUND_DATA
2026-02-06 13:17:55,943 - WARNING - No batch column found in table BACKGROUND_DATA
2026-02-06 13:17:55,949 - INFO - Found 22 columns in BATCH_DATA
2026-02-06 13:17:55,951 - INFO - Retrieved 1 batches from BATCH_DATA
2026-02-06 13:17:55,959 - INFO - Found 22 columns in BATCH_DATA2
2026-02-06 13:17:55,960 - INFO - Retrieved 1 batches from BATCH_DATA2
2026-02-06 13:17:55,967 - INFO - Found 14 columns in HEADER
2026-02-06 13:17:55,969 - INFO - Retrieved 3 batches from HEADER
2026-02-06 13:17:58,174 - INFO - Found 17 columns in BACKGROUND_DATA
2026-02-06 13:17:58,174 - WARNING - No batch column found in table BACKGROUND_DATA
2026-02-06 13:17:58,182 - INFO - Found 22 columns in BATCH_DATA
2026-02-06 13:17:58,183 - INFO - Retrieved 1 batches from BATCH_DATA
2026-02-06 13:17:58,190 - INFO - Found 22 columns in BATCH_DATA2
2026-02-06 13:17:58,191 - INFO - Retrieved 1 batches from BATCH_DATA2
2026-02-06 13:17:58,200 - INFO - Found 14 columns in HEADER
2026-02-06 13:17:58,201 - INFO - Retrieved 3 batches from HEADER
2026-02-06 13:18:02,917 - INFO - Found 17 columns in BACKGROUND_DATA
2026-02-06 13:18:02,918 - WARNING - No batch column found in table BACKGROUND_DATA
2026-02-06 13:18:02,923 - INFO - Found 22 columns in BATCH_DATA
2026-02-06 13:18:02,924 - INFO - Retrieved 1 batches from BATCH_DATA
2026-02-06 13:18:02,931 - INFO - Found 22 columns in BATCH_DATA2
2026-02-06 13:18:02,933 - INFO - Retrieved 1 batches from BATCH_DATA2
2026-02-06 13:18:02,940 - INFO - Found 14 columns in HEADER
2026-02-06 13:18:02,941 - INFO - Retrieved 3 batches from HEADER
2026-02-06 13:18:10,218 - INFO - Fetching data from BACKGROUND_DATA
2026-02-06 13:18:10,221 - INFO - Found 17 columns in BACKGROUND_DATA
2026-02-06 13:18:10,232 - INFO - Fetched 68 rows from BACKGROUND_DATA
2026-02-06 13:18:10,233 - INFO - Fetching data from BATCH_DATA
2026-02-06 13:18:10,236 - INFO - Found 22 columns in BATCH_DATA
2026-02-06 13:18:10,238 - INFO - Found 22 columns in BATCH_DATA
2026-02-06 13:18:10,246 - INFO - Fetched 45 rows from BATCH_DATA
2026-02-06 13:18:10,248 - INFO - Fetching data from BATCH_DATA2
2026-02-06 13:18:10,250 - INFO - Found 22 columns in BATCH_DATA2
2026-02-06 13:18:10,261 - INFO - Fetched 60 rows from BATCH_DATA2
2026-02-06 13:18:10,262 - INFO - Fetching data from HEADER
2026-02-06 13:18:10,264 - INFO - Found 14 columns in HEADER
2026-02-06 13:18:10,270 - INFO - Fetched 4 rows from HEADER
2026-02-06 13:18:10,272 - INFO - Creating new Excel file...
2026-02-06 13:18:10,368 - INFO - Excel file created: C:\Users\waghm\AppData\Local\Temp\export_20260206_131810.xlsx
2026-02-06 13:18:39,678 - INFO - Fetching data from BACKGROUND_DATA
2026-02-06 13:18:39,680 - INFO - Found 17 columns in BACKGROUND_DATA
2026-02-06 13:18:39,687 - INFO - Fetched 68 rows from BACKGROUND_DATA
2026-02-06 13:18:39,688 - INFO - Fetching data from BATCH_DATA
2026-02-06 13:18:39,691 - INFO - Found 22 columns in BATCH_DATA
2026-02-06 13:18:39,692 - INFO - Found 22 columns in BATCH_DATA
2026-02-06 13:18:39,701 - INFO - Fetched 45 rows from BATCH_DATA
2026-02-06 13:18:39,704 - INFO - Fetching data from BATCH_DATA2
2026-02-06 13:18:39,706 - INFO - Found 22 columns in BATCH_DATA2
2026-02-06 13:18:39,714 - INFO - Fetched 60 rows from BATCH_DATA2
2026-02-06 13:18:39,715 - INFO - Fetching data from HEADER
2026-02-06 13:18:39,718 - INFO - Found 14 columns in HEADER
2026-02-06 13:18:39,722 - INFO - Fetched 4 rows from HEADER
2026-02-06 13:18:39,724 - INFO - Exporting to template...
2026-02-06 13:18:39,796 - INFO - Template export completed
2026-02-06 13:31:06,349 - INFO - Connecting to MAHESHWAGH\WINCC.VPI1 with Windows Authentication
2026-02-06 13:31:06,351 - INFO - Trying Windows Authentication method: pyodbc_winauth
2026-02-06 13:31:06,596 - INFO - Connected to: MAHESHWAGH\WINCC.VPI1
2026-02-06 13:31:06,597 - INFO - Windows User: Maheshwagh\waghm
2026-02-06 13:31:06,598 - INFO - ✅ Windows Authentication successful using pyodbc_winauth
2026-02-06 13:31:06,623 - INFO - Found 4 tables
2026-02-06 13:32:47,904 - INFO - Found 17 columns in BACKGROUND_DATA
2026-02-06 13:32:47,926 - INFO - Found 22 columns in BATCH_DATA
2026-02-06 14:15:46,803 - INFO - Connecting to MAHESHWAGH\WINCC.VPI1 with Windows Authentication
2026-02-06 14:15:46,803 - INFO - Trying Windows Authentication method: pyodbc_winauth
2026-02-06 14:15:46,861 - INFO - Connected to: MAHESHWAGH\WINCC.VPI1
2026-02-06 14:15:46,861 - INFO - Windows User: Maheshwagh\waghm
2026-02-06 14:15:46,862 - INFO - ✅ Windows Authentication successful using pyodbc_winauth
2026-02-06 14:15:46,867 - INFO - Found 4 tables
2026-02-06 14:16:23,904 - INFO - Found 22 columns in BATCH_DATA
2026-02-06 14:16:23,909 - INFO - Found 14 columns in HEADER
2026-02-06 14:16:34,786 - INFO - Found 22 columns in BATCH_DATA
2026-02-06 14:16:34,849 - INFO - Found 14 columns in HEADER
2026-02-06 14:16:39,086 - INFO - Found 22 columns in BATCH_DATA
2026-02-06 14:16:39,092 - INFO - Found 14 columns in HEADER
2026-02-06 14:16:44,964 - INFO - Found 22 columns in BATCH_DATA
2026-02-06 14:16:44,971 - INFO - Found 14 columns in HEADER
2026-02-06 14:16:45,196 - INFO - Found 22 columns in BATCH_DATA
2026-02-06 14:16:45,203 - INFO - Found 14 columns in HEADER
2026-02-06 14:16:46,258 - INFO - Found 22 columns in BATCH_DATA
2026-02-06 14:16:46,262 - INFO - Saved data table mapping for BATCH_DATA: start cell A16
2026-02-06 14:16:46,264 - INFO - Found 14 columns in HEADER
2026-02-06 14:17:03,617 - INFO - Found 22 columns in BATCH_DATA
2026-02-06 14:17:03,624 - INFO - Found 14 columns in HEADER
2026-02-06 14:17:05,238 - INFO - Found 22 columns in BATCH_DATA
2026-02-06 14:17:05,243 - INFO - Found 14 columns in HEADER
2026-02-06 14:17:07,564 - INFO - Found 22 columns in BATCH_DATA
2026-02-06 14:17:07,572 - INFO - Found 14 columns in HEADER
2026-02-06 14:17:07,617 - INFO - Saved header table mapping for HEADER with 1 columns
2026-02-06 14:17:10,427 - INFO - Found 22 columns in BATCH_DATA
2026-02-06 14:17:10,434 - INFO - Found 14 columns in HEADER
2026-02-06 14:17:12,723 - INFO - Found 22 columns in BATCH_DATA
2026-02-06 14:17:12,729 - INFO - Found 14 columns in HEADER
2026-02-06 14:17:18,163 - INFO - Found 22 columns in BATCH_DATA
2026-02-06 14:17:18,167 - INFO - Saved data table mapping for BATCH_DATA: start cell A16
2026-02-06 14:17:18,169 - INFO - Found 14 columns in HEADER
2026-02-06 14:17:22,112 - INFO - Found 22 columns in BATCH_DATA
2026-02-06 14:17:22,117 - INFO - Found 14 columns in HEADER
2026-02-06 14:17:22,157 - INFO - Saved header table mapping for HEADER with 1 columns
2026-02-06 14:17:23,893 - INFO - Found 22 columns in BATCH_DATA
2026-02-06 14:17:23,899 - INFO - Found 14 columns in HEADER
2026-02-06 14:17:25,668 - INFO - Found 22 columns in BATCH_DATA
2026-02-06 14:17:25,673 - INFO - Found 14 columns in HEADER
2026-02-06 14:17:27,099 - INFO - Found 22 columns in BATCH_DATA
2026-02-06 14:17:27,105 - INFO - Found 14 columns in HEADER
2026-02-06 14:17:28,125 - INFO - Found 22 columns in BATCH_DATA
2026-02-06 14:17:28,133 - INFO - Found 14 columns in HEADER
2026-02-06 14:18:02,854 - INFO - Found 22 columns in BATCH_DATA
2026-02-06 14:18:02,859 - INFO - Saved data table mapping for BATCH_DATA: start cell A16
2026-02-06 14:18:02,862 - INFO - Found 14 columns in HEADER
2026-02-06 14:18:08,346 - INFO - Found 22 columns in BATCH_DATA
2026-02-06 14:18:08,353 - INFO - Found 14 columns in HEADER
2026-02-06 14:18:08,388 - INFO - Saved header table mapping for HEADER with 1 columns
2026-02-06 14:18:09,728 - INFO - Found 22 columns in BATCH_DATA
2026-02-06 14:18:09,733 - INFO - Found 14 columns in HEADER
2026-02-06 14:18:12,093 - INFO - Found 22 columns in BATCH_DATA
2026-02-06 14:18:12,100 - INFO - Found 14 columns in HEADER
2026-02-06 14:18:31,988 - INFO - Found 22 columns in BATCH_DATA
2026-02-06 14:18:31,995 - INFO - Found 14 columns in HEADER
2026-02-06 14:18:34,822 - INFO - Found 22 columns in BATCH_DATA
2026-02-06 14:18:34,827 - INFO - Found 14 columns in HEADER
2026-02-06 14:18:36,362 - INFO - Found 22 columns in BATCH_DATA
2026-02-06 14:18:36,364 - INFO - Retrieved 1 batches from BATCH_DATA
2026-02-06 14:18:36,370 - INFO - Found 14 columns in HEADER
2026-02-06 14:18:36,372 - INFO - Retrieved 3 batches from HEADER
2026-02-06 14:18:49,098 - INFO - Found 22 columns in BATCH_DATA
2026-02-06 14:18:49,099 - INFO - Retrieved 1 batches from BATCH_DATA
2026-02-06 14:18:49,106 - INFO - Found 14 columns in HEADER
2026-02-06 14:18:49,108 - INFO - Retrieved 3 batches from HEADER
2026-02-06 14:18:56,560 - INFO - Found 22 columns in BATCH_DATA
2026-02-06 14:18:56,562 - INFO - Retrieved 1 batches from BATCH_DATA
2026-02-06 14:18:56,569 - INFO - Found 14 columns in HEADER
2026-02-06 14:18:56,570 - INFO - Retrieved 3 batches from HEADER
2026-02-06 14:18:59,035 - INFO - Found 22 columns in BATCH_DATA
2026-02-06 14:18:59,036 - INFO - Retrieved 1 batches from BATCH_DATA
2026-02-06 14:18:59,043 - INFO - Found 14 columns in HEADER
2026-02-06 14:18:59,045 - INFO - Retrieved 3 batches from HEADER
2026-02-06 14:19:04,893 - INFO - Found 22 columns in BATCH_DATA
2026-02-06 14:19:04,895 - INFO - Retrieved 1 batches from BATCH_DATA
2026-02-06 14:19:04,903 - INFO - Found 14 columns in HEADER
2026-02-06 14:19:04,904 - INFO - Retrieved 3 batches from HEADER
2026-02-06 14:19:08,123 - INFO - Found 22 columns in BATCH_DATA
2026-02-06 14:19:08,125 - INFO - Retrieved 1 batches from BATCH_DATA
2026-02-06 14:19:08,133 - INFO - Found 14 columns in HEADER
2026-02-06 14:19:08,135 - INFO - Retrieved 3 batches from HEADER
2026-02-06 14:19:10,054 - INFO - Found 22 columns in BATCH_DATA
2026-02-06 14:19:10,055 - INFO - Retrieved 1 batches from BATCH_DATA
2026-02-06 14:19:10,062 - INFO - Found 14 columns in HEADER
2026-02-06 14:19:10,063 - INFO - Retrieved 3 batches from HEADER
2026-02-06 14:19:13,080 - INFO - Found 22 columns in BATCH_DATA
2026-02-06 14:19:13,082 - INFO - Retrieved 1 batches from BATCH_DATA
2026-02-06 14:19:13,089 - INFO - Found 14 columns in HEADER
2026-02-06 14:19:13,091 - INFO - Retrieved 3 batches from HEADER
2026-02-06 14:19:14,879 - INFO - Found 22 columns in BATCH_DATA
2026-02-06 14:19:14,880 - INFO - Retrieved 1 batches from BATCH_DATA
2026-02-06 14:19:14,886 - INFO - Found 14 columns in HEADER
2026-02-06 14:19:14,887 - INFO - Retrieved 3 batches from HEADER
2026-02-06 14:19:22,569 - INFO - Fetching data from BATCH_DATA
2026-02-06 14:19:22,572 - INFO - Found 22 columns in BATCH_DATA
2026-02-06 14:19:22,612 - INFO - Fetched 45 rows from BATCH_DATA
2026-02-06 14:19:22,614 - INFO - Fetching data from HEADER
2026-02-06 14:19:22,616 - INFO - Found 14 columns in HEADER
2026-02-06 14:19:22,620 - INFO - Fetched 4 rows from HEADER
2026-02-06 14:19:22,621 - INFO - Exporting to template with mapping...
2026-02-06 14:19:22,811 - WARNING - No configuration found for table: BATCH_DATA
2026-02-06 14:19:22,811 - WARNING - No configuration found for table: HEADER
2026-02-06 14:19:22,847 - INFO - Template export completed: C:\Users\waghm\AppData\Local\Temp\export_20260206_141922.xlsx
2026-02-06 14:20:02,041 - INFO - Fetching data from BATCH_DATA
2026-02-06 14:20:02,043 - INFO - Found 22 columns in BATCH_DATA
2026-02-06 14:20:02,048 - INFO - Fetched 45 rows from BATCH_DATA
2026-02-06 14:20:02,049 - INFO - Fetching data from HEADER
2026-02-06 14:20:02,051 - INFO - Found 14 columns in HEADER
2026-02-06 14:20:02,055 - INFO - Fetched 4 rows from HEADER
2026-02-06 14:20:02,057 - INFO - Creating new Excel file...
2026-02-06 14:20:02,112 - INFO - Excel file created: C:\Users\waghm\AppData\Local\Temp\export_20260206_142002.xlsx
2026-02-06 14:36:24,078 - INFO - Connecting to MAHESHWAGH\WINCC.VPI1 with Windows Authentication
2026-02-06 14:36:24,079 - INFO - Trying Windows Authentication method: pyodbc_winauth
2026-02-06 14:36:24,168 - INFO - Connected to: MAHESHWAGH\WINCC.VPI1
2026-02-06 14:36:24,168 - INFO - Windows User: Maheshwagh\waghm
2026-02-06 14:36:24,169 - INFO - ✅ Windows Authentication successful using pyodbc_winauth
2026-02-06 14:36:24,174 - INFO - Found 4 tables
2026-02-06 14:50:37,746 - INFO - Connecting to MAHESHWAGH\WINCC.VPI1 with Windows Authentication
2026-02-06 14:50:37,746 - INFO - Trying connection method: pyodbc
2026-02-06 14:50:37,836 - INFO - ✅ Connection successful using pyodbc
2026-02-06 14:50:37,841 - INFO - Found 4 tables
2026-02-06 14:50:54,679 - INFO - Found 22 columns in BATCH_DATA
2026-02-06 14:51:05,628 - INFO - Found 22 columns in BATCH_DATA
2026-02-06 14:51:05,836 - INFO - Found 22 columns in BATCH_DATA
2026-02-06 14:51:05,915 - INFO - Found 22 columns in BATCH_DATA
2026-02-06 14:51:05,917 - INFO - Retrieved 1 batches from BATCH_DATA
2026-02-06 14:56:34,306 - INFO - Found 22 columns in BATCH_DATA
2026-02-06 14:56:34,308 - INFO - Retrieved 1 batches from BATCH_DATA
2026-02-06 14:56:35,625 - INFO - Found 22 columns in BATCH_DATA
2026-02-06 14:56:35,626 - INFO - Retrieved 1 batches from BATCH_DATA
2026-02-06 14:56:44,432 - INFO - Found 22 columns in BATCH_DATA
2026-02-06 14:56:44,433 - INFO - Retrieved 1 batches from BATCH_DATA
2026-02-06 14:56:48,659 - INFO - Found 22 columns in BATCH_DATA
2026-02-06 14:56:48,660 - INFO - Retrieved 1 batches from BATCH_DATA
2026-02-06 14:56:51,976 - INFO - Found 22 columns in BATCH_DATA
2026-02-06 14:56:51,978 - INFO - Retrieved 1 batches from BATCH_DATA
2026-02-06 14:56:57,008 - INFO - Fetching data from BATCH_DATA
2026-02-06 14:56:57,010 - INFO - Found 22 columns in BATCH_DATA
2026-02-06 14:56:57,022 - INFO - Fetched 10 rows from BATCH_DATA
2026-02-06 14:57:08,887 - INFO - Fetching data from BATCH_DATA
2026-02-06 14:57:08,890 - INFO - Found 22 columns in BATCH_DATA
2026-02-06 14:57:08,897 - INFO - Fetched 45 rows from BATCH_DATA
2026-02-06 14:57:18,385 - INFO - Found 22 columns in BATCH_DATA
2026-02-06 14:57:18,386 - INFO - Retrieved 1 batches from BATCH_DATA
2026-02-06 14:57:19,993 - INFO - Found 22 columns in BATCH_DATA
2026-02-06 14:57:19,994 - INFO - Retrieved 1 batches from BATCH_DATA
2026-02-06 14:57:20,086 - INFO - Found 22 columns in BATCH_DATA
2026-02-06 14:57:36,665 - INFO - Found 22 columns in BATCH_DATA
2026-02-06 14:57:39,054 - INFO - Found 22 columns in BATCH_DATA
2026-02-06 14:57:41,526 - INFO - Found 22 columns in BATCH_DATA
2026-02-06 14:57:41,529 - INFO - Saved data table mapping: BATCH_DATA -> HT VPI - 4196!B16
2026-02-06 14:57:46,586 - INFO - Found 22 columns in BATCH_DATA
2026-02-06 14:57:46,667 - INFO - Found 22 columns in BATCH_DATA
2026-02-06 14:57:46,669 - INFO - Retrieved 1 batches from BATCH_DATA
2026-02-06 14:57:48,113 - INFO - Found 22 columns in BATCH_DATA
2026-02-06 14:57:48,114 - INFO - Retrieved 1 batches from BATCH_DATA
2026-02-06 14:57:52,799 - INFO - Fetching data from BATCH_DATA
2026-02-06 14:57:52,802 - INFO - Found 22 columns in BATCH_DATA
2026-02-06 14:57:52,809 - INFO - Fetched 45 rows from BATCH_DATA
2026-02-06 14:57:52,810 - INFO - Starting template export to: C:\Users\waghm\AppData\Local\Temp\export_20260206_145752.xlsx
2026-02-06 14:57:52,969 - INFO - Template loaded with sheets: ['HT VPI - 4196', 'LT VPI - 4197']
2026-02-06 14:57:52,969 - INFO - Processing table: BATCH_DATA with 45 rows, 22 columns
2026-02-06 14:57:52,969 - INFO - Writing data table BATCH_DATA to HT VPI - 4196!B16
2026-02-06 14:57:52,974 - ERROR - Error writing data table to B16: 'MergedCell' object attribute 'value' is read-only
2026-02-06 14:57:52,976 - ERROR - Traceback (most recent call last):
  File "C:\Users\waghm\OneDrive\Desktop\Scada_Report_generation\app.py", line 443, in export_to_template
    ws[cell_ref] = str(value)
    ~~^^^^^^^^^^
  File "C:\Users\waghm\OneDrive\Desktop\Scada_Report_generation\.venv\Lib\site-packages\openpyxl\worksheet\worksheet.py", line 317, in __setitem__
    self[key].value = value
    ^^^^^^^^^^^^^^^
AttributeError: 'MergedCell' object attribute 'value' is read-only

2026-02-06 14:57:53,011 - INFO - Template export completed successfully: C:\Users\waghm\AppData\Local\Temp\export_20260206_145752.xlsx
2026-02-06 15:41:25,987 - INFO - Connecting to MAHESHWAGH\WINCC.VPI1 with Windows Authentication
2026-02-06 15:41:25,988 - INFO - Trying connection method: pyodbc
2026-02-06 15:41:26,086 - INFO - ✅ Connection successful using pyodbc
2026-02-06 15:41:26,094 - INFO - Found 4 tables
2026-02-06 15:41:30,649 - INFO - Found 22 columns in BATCH_DATA
2026-02-06 15:41:30,650 - INFO - Retrieved 1 batches from BATCH_DATA
2026-02-06 15:41:35,820 - INFO - Found 22 columns in BATCH_DATA
2026-02-06 15:41:35,822 - INFO - Retrieved 1 batches from BATCH_DATA
2026-02-06 15:41:38,693 - INFO - Found 22 columns in BATCH_DATA
2026-02-06 15:41:38,694 - INFO - Retrieved 1 batches from BATCH_DATA
2026-02-06 15:42:16,472 - INFO - Found 22 columns in BATCH_DATA
2026-02-06 15:42:16,473 - INFO - Retrieved 1 batches from BATCH_DATA
2026-02-06 15:42:19,497 - INFO - Found 22 columns in BATCH_DATA
2026-02-06 15:42:19,498 - INFO - Retrieved 1 batches from BATCH_DATA
2026-02-06 15:42:24,608 - INFO - [FETCH] Fetching filtered data from table: BATCH_DATA
2026-02-06 15:42:24,609 - INFO - Found 22 columns in BATCH_DATA
2026-02-06 15:42:24,611 - INFO - Found 22 columns in BATCH_DATA
2026-02-06 15:42:24,611 - INFO - Found 1 time columns in BATCH_DATA
2026-02-06 15:42:24,625 - INFO - [OK] Fetched 45 filtered rows from BATCH_DATA (VALUES ONLY)
2026-02-06 15:42:39,435 - INFO - [FETCH] Fetching filtered data from table: BATCH_DATA
2026-02-06 15:42:39,437 - INFO - Found 22 columns in BATCH_DATA
2026-02-06 15:42:39,439 - INFO - Found 22 columns in BATCH_DATA
2026-02-06 15:42:39,439 - INFO - Found 1 time columns in BATCH_DATA
2026-02-06 15:42:39,446 - INFO - [OK] Fetched 45 filtered rows from BATCH_DATA (VALUES ONLY)
2026-02-06 15:42:54,354 - INFO - Found 22 columns in BATCH_DATA
2026-02-06 15:42:54,356 - INFO - Retrieved 1 batches from BATCH_DATA
2026-02-06 15:43:01,928 - INFO - Found 22 columns in BATCH_DATA
2026-02-06 15:43:01,929 - INFO - Retrieved 1 batches from BATCH_DATA
2026-02-06 15:43:03,135 - INFO - Found 22 columns in BATCH_DATA
2026-02-06 15:43:03,136 - INFO - Retrieved 1 batches from BATCH_DATA
2026-02-06 15:43:12,128 - INFO - Found 22 columns in BATCH_DATA
2026-02-06 15:43:12,129 - INFO - Retrieved 1 batches from BATCH_DATA
2026-02-06 15:43:19,248 - INFO - Found 22 columns in BATCH_DATA
2026-02-06 15:43:19,250 - INFO - Retrieved 1 batches from BATCH_DATA
2026-02-06 15:43:25,272 - INFO - Found 22 columns in BATCH_DATA
2026-02-06 15:43:25,274 - INFO - Retrieved 1 batches from BATCH_DATA
2026-02-06 15:43:27,505 - INFO - Found 22 columns in BATCH_DATA
2026-02-06 15:43:27,506 - INFO - Retrieved 1 batches from BATCH_DATA
2026-02-06 15:43:30,270 - INFO - Found 22 columns in BATCH_DATA
2026-02-06 15:43:30,272 - INFO - Retrieved 1 batches from BATCH_DATA
2026-02-06 15:43:32,104 - INFO - [FETCH] Fetching filtered data from table: BATCH_DATA
2026-02-06 15:43:32,106 - INFO - Found 22 columns in BATCH_DATA
2026-02-06 15:43:32,107 - INFO - Filtering by batch: BATCH1 in column BATCH_NAME
2026-02-06 15:43:32,107 - INFO - Filtering by time range in column DATE_TIME
2026-02-06 15:43:32,109 - INFO - Found 22 columns in BATCH_DATA
2026-02-06 15:43:32,109 - INFO - Found 1 time columns in BATCH_DATA
2026-02-06 15:43:32,120 - INFO - [OK] Fetched 0 filtered rows from BATCH_DATA (VALUES ONLY)
2026-02-06 15:43:39,200 - INFO - Found 22 columns in BATCH_DATA
2026-02-06 15:43:39,202 - INFO - Retrieved 1 batches from BATCH_DATA
2026-02-06 15:43:40,912 - INFO - Found 22 columns in BATCH_DATA
2026-02-06 15:43:40,913 - INFO - Retrieved 1 batches from BATCH_DATA
2026-02-06 15:44:07,165 - INFO - Found 22 columns in BATCH_DATA
2026-02-06 15:44:07,166 - INFO - Retrieved 1 batches from BATCH_DATA
2026-02-06 15:44:08,631 - INFO - Found 22 columns in BATCH_DATA
2026-02-06 15:44:08,632 - INFO - Retrieved 1 batches from BATCH_DATA
2026-02-06 15:44:09,785 - INFO - [FETCH] Fetching filtered data from table: BATCH_DATA
2026-02-06 15:44:09,788 - INFO - Found 22 columns in BATCH_DATA
2026-02-06 15:44:09,788 - INFO - Filtering by batch: BATCH1 in column BATCH_NAME
2026-02-06 15:44:09,788 - INFO - Filtering by time range in column DATE_TIME
2026-02-06 15:44:09,790 - INFO - Found 22 columns in BATCH_DATA
2026-02-06 15:44:09,790 - INFO - Found 1 time columns in BATCH_DATA
2026-02-06 15:44:09,793 - INFO - [OK] Fetched 0 filtered rows from BATCH_DATA (VALUES ONLY)
2026-02-06 15:44:09,794 - INFO - ============================================================
2026-02-06 15:44:09,795 - INFO - [START] STARTING TEMPLATE EXPORT
2026-02-06 15:44:09,795 - INFO - ============================================================
2026-02-06 15:44:09,795 - INFO - Template: C:\Users\waghm\AppData\Local\Temp\NIDEC VPI Job Card Approved - Rev 2 (1).xlsx
2026-02-06 15:44:09,795 - INFO - Output: C:\Users\waghm\AppData\Local\Temp\export_20260206_154409.xlsx
2026-02-06 15:44:09,795 - INFO - Tables to export: ['BATCH_DATA']
2026-02-06 15:44:09,796 - INFO - Total rows to export: 0
2026-02-06 15:44:09,796 - WARNING - [WARNING] No data found to export!
2026-02-06 15:44:09,796 - INFO - [COPY] Copying template...
2026-02-06 15:44:09,799 - INFO - [LOAD] Loading template workbook...
2026-02-06 15:44:09,987 - INFO - [SHEETS] Workbook sheets: ['HT VPI - 4196', 'LT VPI - 4197']
2026-02-06 15:44:09,987 - INFO - ----------------------------------------
2026-02-06 15:44:09,988 - INFO - [PROCESS] Processing table: BATCH_DATA
2026-02-06 15:44:09,988 - INFO - Table type: TABULAR
2026-02-06 15:44:09,988 - INFO - Data: 0 rows (VALUES ONLY)
2026-02-06 15:44:09,988 - INFO - Writing tabular data starting at A16
2026-02-06 15:44:09,988 - WARNING - [WARNING] No data found for table BATCH_DATA
2026-02-06 15:44:09,988 - INFO - [SAVE] Saving workbook...
2026-02-06 15:44:10,025 - INFO - ============================================================
2026-02-06 15:44:10,025 - INFO - [OK] TEMPLATE EXPORT COMPLETED SUCCESSFULLY
2026-02-06 15:44:10,026 - INFO - ============================================================
2026-02-06 16:19:39,442 - INFO - Connecting to MAHESHWAGH\WINCC.VPI1 with Windows Authentication
2026-02-06 16:19:39,443 - INFO - Trying connection method: pyodbc
2026-02-06 16:19:39,533 - INFO - ✅ Connection successful using pyodbc
2026-02-06 16:19:39,540 - INFO - Found 4 tables
2026-02-06 16:20:29,459 - INFO - Found 22 columns in BATCH_DATA
2026-02-06 16:20:29,461 - INFO - Retrieved 1 batches from BATCH_DATA
2026-02-06 16:20:38,158 - INFO - Found 22 columns in BATCH_DATA
2026-02-06 16:20:38,159 - INFO - Retrieved 1 batches from BATCH_DATA
2026-02-06 16:20:39,536 - INFO - Found 22 columns in BATCH_DATA
2026-02-06 16:20:39,538 - INFO - Retrieved 1 batches from BATCH_DATA
2026-02-06 16:20:42,001 - INFO - Found 22 columns in BATCH_DATA
2026-02-06 16:20:42,002 - INFO - Retrieved 1 batches from BATCH_DATA
2026-02-06 16:21:26,159 - INFO - Found 22 columns in BATCH_DATA
2026-02-06 16:21:26,161 - INFO - Retrieved 1 batches from BATCH_DATA
2026-02-06 16:21:27,850 - INFO - Found 22 columns in BATCH_DATA
2026-02-06 16:21:27,851 - INFO - Retrieved 1 batches from BATCH_DATA
2026-02-06 16:21:29,860 - INFO - [FETCH] Fetching filtered data from table: BATCH_DATA
2026-02-06 16:21:29,862 - INFO - Found 22 columns in BATCH_DATA
2026-02-06 16:21:29,862 - INFO - Filtering by batch: BATCH1 in column BATCH_NAME
2026-02-06 16:21:29,864 - INFO - Found 22 columns in BATCH_DATA
2026-02-06 16:21:29,864 - INFO - Found 1 time columns in BATCH_DATA
2026-02-06 16:21:29,882 - INFO - [OK] Fetched 45 filtered rows from BATCH_DATA (VALUES ONLY)
2026-02-06 16:21:29,886 - INFO - ============================================================
2026-02-06 16:21:29,886 - INFO - [START] STARTING TEMPLATE EXPORT
2026-02-06 16:21:29,887 - INFO - ============================================================
2026-02-06 16:21:29,887 - INFO - Template: C:\Users\waghm\AppData\Local\Temp\NIDEC VPI Job Card Approved - Rev 2.xlsx
2026-02-06 16:21:29,887 - INFO - Output: C:\Users\waghm\AppData\Local\Temp\export_20260206_162129.xlsx
2026-02-06 16:21:29,887 - INFO - Tables to export: ['BATCH_DATA']
2026-02-06 16:21:29,888 - INFO - Total rows to export: 45
2026-02-06 16:21:29,888 - INFO - [COPY] Copying template...
2026-02-06 16:21:29,890 - INFO - [LOAD] Loading template workbook...
2026-02-06 16:21:30,034 - INFO - [SHEETS] Workbook sheets: ['HT VPI - 4196', 'LT VPI - 4197']
2026-02-06 16:21:30,035 - INFO - ----------------------------------------
2026-02-06 16:21:30,035 - INFO - [PROCESS] Processing table: BATCH_DATA
2026-02-06 16:21:30,035 - INFO - Table type: TABULAR
2026-02-06 16:21:30,035 - INFO - Data: 45 rows (VALUES ONLY)
2026-02-06 16:21:30,035 - INFO - Writing tabular data starting at A2
2026-02-06 16:21:30,035 - INFO - Writing to 1 sheets
2026-02-06 16:21:30,041 - INFO - Writing to sheet 'HT VPI - 4196' starting at row 9, column A
2026-02-06 16:21:30,041 - INFO - Writing 45 data rows
2026-02-06 16:21:30,055 - INFO - [SAVE] Saving workbook...
2026-02-06 16:21:30,098 - INFO - ============================================================
2026-02-06 16:21:30,098 - INFO - [OK] TEMPLATE EXPORT COMPLETED SUCCESSFULLY
2026-02-06 16:21:30,099 - INFO - ============================================================
2026-02-07 10:22:06,687 - INFO - Connecting to MAHESHWAGH\WINCC.VPI1 with Windows Authentication
2026-02-07 10:22:06,690 - INFO - Trying connection method: pyodbc
2026-02-07 10:22:07,493 - INFO - ✅ Connection successful using pyodbc
2026-02-07 10:22:07,515 - INFO - Found 4 tables
2026-02-07 10:23:59,030 - INFO - Found 22 columns in BATCH_DATA
2026-02-07 10:23:59,031 - INFO - Retrieved 1 batches from BATCH_DATA
2026-02-07 10:24:05,673 - INFO - Found 22 columns in BATCH_DATA
2026-02-07 10:24:05,674 - INFO - Retrieved 1 batches from BATCH_DATA
2026-02-07 10:24:08,340 - INFO - Found 22 columns in BATCH_DATA
2026-02-07 10:24:08,341 - INFO - Retrieved 1 batches from BATCH_DATA
2026-02-07 10:24:12,982 - INFO - [FETCH] Fetching filtered data from table: BATCH_DATA
2026-02-07 10:24:12,984 - INFO - Found 22 columns in BATCH_DATA
2026-02-07 10:24:12,985 - INFO - Found 22 columns in BATCH_DATA
2026-02-07 10:24:12,985 - INFO - Found 1 time columns in BATCH_DATA
2026-02-07 10:24:13,115 - INFO - [OK] Fetched 45 filtered rows from BATCH_DATA (VALUES ONLY, NO COLUMN NAMES)
2026-02-07 10:24:13,117 - INFO - ============================================================
2026-02-07 10:24:13,118 - INFO - [START] STARTING TEMPLATE EXPORT
2026-02-07 10:24:13,118 - INFO - ============================================================
2026-02-07 10:24:13,118 - INFO - Template: C:\Users\waghm\AppData\Local\Temp\5_6327753515942812073.xlsx
2026-02-07 10:24:13,118 - INFO - Output: C:\Users\waghm\AppData\Local\Temp\export_20260207_102412.xlsx
2026-02-07 10:24:13,119 - INFO - Tables to export: ['BATCH_DATA']
2026-02-07 10:24:13,119 - INFO - Total rows to export: 45
2026-02-07 10:24:13,119 - INFO - [COPY] Copying template...
2026-02-07 10:24:13,120 - INFO - [LOAD] Loading template workbook...
2026-02-07 10:24:13,179 - INFO - [SHEETS] Workbook sheets: ['Sheet1', 'Sheet2', 'Shee3']
2026-02-07 10:24:13,179 - INFO - ----------------------------------------
2026-02-07 10:24:13,179 - INFO - [PROCESS] Processing table: BATCH_DATA
2026-02-07 10:24:13,179 - INFO - Table type: TABULAR
2026-02-07 10:24:13,180 - INFO - Data: 45 rows (VALUES ONLY)
2026-02-07 10:24:13,180 - INFO - Writing tabular data starting at A24
2026-02-07 10:24:13,180 - INFO - Writing to 3 sheets
2026-02-07 10:24:13,180 - INFO - Writing to sheet 'Sheet1' starting at row 24, column A
2026-02-07 10:24:13,181 - INFO - Writing 45 data rows
2026-02-07 10:24:13,188 - INFO - Writing to sheet 'Sheet2' starting at row 24, column A
2026-02-07 10:24:13,189 - INFO - Writing 45 data rows
2026-02-07 10:24:13,196 - INFO - Writing to sheet 'Shee3' starting at row 24, column A
2026-02-07 10:24:13,196 - INFO - Writing 45 data rows
2026-02-07 10:24:13,204 - INFO - [SAVE] Saving workbook...
2026-02-07 10:24:13,251 - INFO - ============================================================
2026-02-07 10:24:13,251 - INFO - [OK] TEMPLATE EXPORT COMPLETED SUCCESSFULLY
2026-02-07 10:24:13,252 - INFO - ============================================================
2026-02-07 11:33:04,232 - INFO - Connecting to MAHESHWAGH\WINCC.VPI1 with Windows Authentication
2026-02-07 11:33:04,232 - INFO - Trying connection method: pyodbc
2026-02-07 11:33:04,423 - INFO - ✅ Connection successful using pyodbc
2026-02-07 11:33:04,428 - INFO - Found 4 tables
2026-02-07 11:33:48,494 - INFO - Found 22 columns in BATCH_DATA
2026-02-07 11:33:48,495 - INFO - Retrieved 1 batches from BATCH_DATA
2026-02-07 11:33:55,111 - INFO - Found 22 columns in BATCH_DATA
2026-02-07 11:33:55,112 - INFO - Retrieved 1 batches from BATCH_DATA
2026-02-07 11:33:56,916 - INFO - [FETCH] Fetching filtered data from table: BATCH_DATA
2026-02-07 11:33:56,917 - INFO - Found 22 columns in BATCH_DATA
2026-02-07 11:33:56,918 - INFO - Found 22 columns in BATCH_DATA
2026-02-07 11:33:56,919 - INFO - Found 1 time columns in BATCH_DATA
2026-02-07 11:33:56,943 - INFO - [OK] Fetched 45 filtered rows from BATCH_DATA (VALUES ONLY, NO COLUMN NAMES)
2026-02-07 11:33:56,948 - INFO - ============================================================
2026-02-07 11:33:56,948 - INFO - [START] STARTING TEMPLATE EXPORT
2026-02-07 11:33:56,948 - INFO - ============================================================
2026-02-07 11:33:56,948 - INFO - Template: C:\Users\waghm\AppData\Local\Temp\5_6327753515942812073.xlsx
2026-02-07 11:33:56,949 - INFO - Output: C:\Users\waghm\AppData\Local\Temp\export_20260207_113356.xlsx
2026-02-07 11:33:56,949 - INFO - Tables to export: ['BATCH_DATA']
2026-02-07 11:33:56,950 - INFO - Total rows to export: 45
2026-02-07 11:33:56,950 - INFO - [COPY] Copying template...
2026-02-07 11:33:56,953 - INFO - [LOAD] Loading template workbook...
2026-02-07 11:33:57,050 - INFO - [SHEETS] Workbook sheets: ['Sheet1', 'Sheet2', 'Shee3']
2026-02-07 11:33:57,050 - INFO - ----------------------------------------
2026-02-07 11:33:57,050 - INFO - [PROCESS] Processing table: BATCH_DATA
2026-02-07 11:33:57,050 - INFO - Table type: TABULAR
2026-02-07 11:33:57,051 - INFO - Data: 45 rows (VALUES ONLY)
2026-02-07 11:33:57,051 - INFO - Writing tabular data starting at B24
2026-02-07 11:33:57,051 - INFO - Writing to 3 sheets
2026-02-07 11:33:57,052 - INFO - Writing to sheet 'Sheet1' starting at row 24, column B
2026-02-07 11:33:57,052 - INFO - Writing 45 data rows
2026-02-07 11:33:57,059 - INFO - Writing to sheet 'Sheet2' starting at row 24, column B
2026-02-07 11:33:57,059 - INFO - Writing 45 data rows
2026-02-07 11:33:57,067 - INFO - Writing to sheet 'Shee3' starting at row 24, column B
2026-02-07 11:33:57,067 - INFO - Writing 45 data rows
2026-02-07 11:33:57,074 - INFO - [SAVE] Saving workbook...
2026-02-07 11:33:57,130 - INFO - ============================================================
2026-02-07 11:33:57,130 - INFO - [OK] TEMPLATE EXPORT COMPLETED SUCCESSFULLY
2026-02-07 11:33:57,131 - INFO - ============================================================
2026-02-07 11:59:56,688 - INFO - Connecting to MAHESHWAGH\WINCC.VPI1 with Windows Authentication
2026-02-07 11:59:56,689 - INFO - Trying connection method: pyodbc
2026-02-07 11:59:56,775 - INFO - ✅ Connection successful using pyodbc
2026-02-07 11:59:56,781 - INFO - Found 4 tables
2026-02-07 12:01:13,602 - INFO - Found 22 columns in BATCH_DATA
2026-02-07 12:01:13,604 - INFO - Retrieved 1 batches from BATCH_DATA
2026-02-07 12:01:19,841 - INFO - Retrieved 1 batches from BATCH_DATA
2026-02-07 12:01:23,274 - INFO - Retrieved 1 batches from BATCH_DATA
2026-02-07 12:01:26,916 - INFO - [FETCH] Fetching filtered data from table: BATCH_DATA
2026-02-07 12:01:26,917 - INFO - Found 1 time columns in BATCH_DATA
2026-02-07 12:01:26,932 - INFO - [OK] Fetched 45 filtered rows from BATCH_DATA
2026-02-07 12:01:26,934 - INFO - ============================================================
2026-02-07 12:01:26,934 - INFO - [START] STARTING TEMPLATE EXPORT
2026-02-07 12:01:26,935 - INFO - ============================================================
2026-02-07 12:01:26,935 - INFO - Template: C:\Users\waghm\AppData\Local\Temp\5_6327753515942812073.xlsx
2026-02-07 12:01:26,935 - INFO - Output: C:\Users\waghm\AppData\Local\Temp\export_20260207_120126.xlsx
2026-02-07 12:01:26,935 - INFO - Tables to export: ['BATCH_DATA']
2026-02-07 12:01:26,935 - INFO - Total rows to export: 45
2026-02-07 12:01:26,936 - INFO - [COPY] Copying template...
2026-02-07 12:01:26,938 - INFO - [LOAD] Loading template workbook...
2026-02-07 12:01:27,012 - INFO - [SHEETS] Workbook sheets: ['Sheet1', 'Sheet2', 'Shee3']
2026-02-07 12:01:27,012 - INFO - ----------------------------------------
2026-02-07 12:01:27,012 - INFO - [PROCESS] Processing table: BATCH_DATA
2026-02-07 12:01:27,013 - INFO - Table type: TABULAR
2026-02-07 12:01:27,013 - INFO - Data: 45 rows
2026-02-07 12:01:27,013 - INFO - Writing tabular data starting at A24
2026-02-07 12:01:27,013 - INFO - Writing to 1 sheets
2026-02-07 12:01:27,014 - INFO - Writing to sheet 'Sheet1' starting at row 24, column A
2026-02-07 12:01:27,014 - INFO - Writing 45 data rows
2026-02-07 12:01:27,021 - INFO - [SAVE] Saving workbook...
2026-02-07 12:01:27,053 - INFO - ============================================================
2026-02-07 12:01:27,054 - INFO - [OK] TEMPLATE EXPORT COMPLETED SUCCESSFULLY
2026-02-07 12:01:27,054 - INFO - ============================================================
2026-02-07 12:20:12,647 - INFO - Connecting to MAHESHWAGH\WINCC.VPI1 with Windows Authentication
2026-02-07 12:20:12,647 - INFO - Trying connection method: pyodbc
2026-02-07 12:20:12,728 - INFO - ✅ Connection successful using pyodbc
2026-02-07 12:20:12,733 - INFO - Found 4 tables
2026-02-07 12:20:44,753 - INFO - Found 22 columns in BATCH_DATA
2026-02-07 12:20:44,754 - INFO - Retrieved 1 batches from BATCH_DATA
2026-02-07 12:20:49,041 - INFO - Retrieved 1 batches from BATCH_DATA
2026-02-07 12:20:49,123 - INFO - Retrieved 1 batches from BATCH_DATA
2026-02-07 12:20:53,233 - INFO - Retrieved 1 batches from BATCH_DATA
2026-02-07 12:20:53,321 - INFO - Retrieved 1 batches from BATCH_DATA
2026-02-07 12:20:55,594 - INFO - Retrieved 1 batches from BATCH_DATA
2026-02-07 12:20:55,682 - INFO - Retrieved 1 batches from BATCH_DATA
2026-02-07 12:20:56,059 - INFO - Retrieved 1 batches from BATCH_DATA
2026-02-07 12:20:56,140 - INFO - Retrieved 1 batches from BATCH_DATA
2026-02-07 12:20:56,253 - INFO - Retrieved 1 batches from BATCH_DATA
2026-02-07 12:20:56,332 - INFO - Retrieved 1 batches from BATCH_DATA
2026-02-07 12:20:56,435 - INFO - Retrieved 1 batches from BATCH_DATA
2026-02-07 12:20:56,509 - INFO - Retrieved 1 batches from BATCH_DATA
2026-02-07 12:20:56,662 - INFO - Retrieved 1 batches from BATCH_DATA
2026-02-07 12:20:56,738 - INFO - Retrieved 1 batches from BATCH_DATA
2026-02-07 12:21:02,356 - INFO - [FETCH] Fetching filtered data from table: BATCH_DATA
2026-02-07 12:21:02,357 - INFO - Found 1 time columns in BATCH_DATA
2026-02-07 12:21:02,370 - INFO - [OK] Fetched 45 filtered rows from BATCH_DATA
2026-02-07 12:21:02,372 - INFO - ============================================================
2026-02-07 12:21:02,373 - INFO - [START] STARTING TEMPLATE EXPORT
2026-02-07 12:21:02,373 - INFO - ============================================================
2026-02-07 12:21:02,373 - INFO - Template: C:\Users\waghm\AppData\Local\Temp\5_6327753515942812073.xlsx
2026-02-07 12:21:02,374 - INFO - Output: C:\Users\waghm\AppData\Local\Temp\export_20260207_122102.xlsx
2026-02-07 12:21:02,374 - INFO - Tables to export: ['BATCH_DATA']
2026-02-07 12:21:02,374 - INFO - Total rows to export: 45
2026-02-07 12:21:02,374 - INFO - [COPY] Copying template...
2026-02-07 12:21:02,376 - INFO - [LOAD] Loading template workbook...
2026-02-07 12:21:02,445 - INFO - [SHEETS] Workbook sheets: ['Sheet1', 'Sheet2', 'Shee3']
2026-02-07 12:21:02,445 - INFO - ----------------------------------------
2026-02-07 12:21:02,445 - INFO - [PROCESS] Processing table: BATCH_DATA
2026-02-07 12:21:02,446 - INFO - Table type: TABULAR
2026-02-07 12:21:02,446 - INFO - Data: 45 rows
2026-02-07 12:21:02,446 - INFO - Writing tabular data starting at A24
2026-02-07 12:21:02,446 - INFO - Writing to 3 sheets
2026-02-07 12:21:02,447 - INFO - Writing to sheet 'Sheet1' starting at row 24, column A
2026-02-07 12:21:02,447 - INFO - Writing 45 data rows
2026-02-07 12:21:02,461 - INFO - Writing to sheet 'Sheet2' starting at row 24, column A
2026-02-07 12:21:02,461 - INFO - Writing 45 data rows
2026-02-07 12:21:02,472 - INFO - Writing to sheet 'Shee3' starting at row 24, column A
2026-02-07 12:21:02,472 - INFO - Writing 45 data rows
2026-02-07 12:21:02,481 - INFO - [SAVE] Saving workbook...
2026-02-07 12:21:02,531 - INFO - ============================================================
2026-02-07 12:21:02,531 - INFO - [OK] TEMPLATE EXPORT COMPLETED SUCCESSFULLY
2026-02-07 12:21:02,531 - INFO - ============================================================
